<?xml version="1.0" encoding="UTF-8"?>
<!-- Generated by org.testng.reporters.JUnitReportReporter -->
<testsuite hostname="LAPTOP-6F6D9914" failures="0" tests="2" name="com.scenario2_Testng.Flipkart_Amazon" time="82.933" errors="0" timestamp="2022-12-06T22:57:29 IST" skipped="0">
  <testcase classname="com.scenario2_Testng.Flipkart_Amazon" name="flipkart_addtoCart" time="56.927"/>
  <system-out/>
  <testcase classname="com.scenario2_Testng.Flipkart_Amazon" name="amazon_Addtocart" time="26.006"/>
  <system-out/>
</testsuite> <!-- com.scenario2_Testng.Flipkart_Amazon -->
